[     397ms] [INFO] %cDownload the React DevTools for a better development experience: https://reactjs.org/link/react-devtools font-weight:bold @ http://localhost:5173/node_modules/.vite/deps/chunk-JRY3IGQD.js?v=259320a3:21548
[     444ms] [WARNING] ⚠️ React Router Future Flag Warning: React Router will begin wrapping state updates in `React.startTransition` in v7. You can use the `v7_startTransition` future flag to opt-in early. For more information, see https://reactrouter.com/v6/upgrading/future#v7_starttransition. @ http://localhost:5173/node_modules/.vite/deps/react-router-dom.js?v=259320a3:4424
[     444ms] [WARNING] ⚠️ React Router Future Flag Warning: Relative route resolution within Splat routes is changing in v7. You can use the `v7_relativeSplatPath` future flag to opt-in early. For more information, see https://reactrouter.com/v6/upgrading/future#v7_relativesplatpath. @ http://localhost:5173/node_modules/.vite/deps/react-router-dom.js?v=259320a3:4424
[ 4764729ms] [LOG] [vite] server connection lost. Polling for restart... @ http://localhost:5173/@vite/client:559
[ 6789267ms] [ERROR] Failed to load resource: net::ERR_NETWORK_IO_SUSPENDED @ http://localhost:5173/:0
[ 6793437ms] [ERROR] Failed to load resource: net::ERR_NETWORK_IO_SUSPENDED @ http://localhost:5173/node_modules/vite/dist/client/env.mjs:0
[ 6793437ms] [ERROR] Failed to load resource: net::ERR_NETWORK_IO_SUSPENDED @ http://localhost:5173/src/api/batchSheet.ts:0
[ 6793437ms] [ERROR] Failed to load resource: net::ERR_NETWORK_IO_SUSPENDED @ http://localhost:5173/src/utils/calendarDates.ts:0
[ 6793437ms] [ERROR] Failed to load resource: net::ERR_NETWORK_IO_SUSPENDED @ http://localhost:5173/src/pages/BatchSheetPage/BatchSheetPage.module.css:0
[ 6793437ms] [ERROR] Failed to load resource: net::ERR_NETWORK_IO_SUSPENDED @ http://localhost:5173/src/api/samples.ts:0
[ 6793439ms] [ERROR] Failed to load resource: net::ERR_NETWORK_IO_SUSPENDED @ http://localhost:5173/src/components/shared/BarcodeChips.tsx:0
[ 6793439ms] [ERROR] Failed to load resource: net::ERR_NETWORK_IO_SUSPENDED @ http://localhost:5173/src/components/shared/Pagination.tsx:0
[ 6793439ms] [ERROR] Failed to load resource: net::ERR_NETWORK_IO_SUSPENDED @ http://localhost:5173/src/components/ui/Badge.tsx:0
[ 6793439ms] [ERROR] Failed to load resource: net::ERR_NETWORK_IO_SUSPENDED @ http://localhost:5173/src/utils/useDebouncedValue.ts:0
[ 6793439ms] [ERROR] Failed to load resource: net::ERR_NETWORK_IO_SUSPENDED @ http://localhost:5173/src/utils/priority.ts:0
[ 6793439ms] [ERROR] Failed to load resource: net::ERR_NETWORK_IO_SUSPENDED @ http://localhost:5173/src/pages/BacklogPage.module.css:0
[ 6793445ms] [ERROR] Failed to load resource: net::ERR_NETWORK_IO_SUSPENDED @ http://localhost:5173/src/components/ui/SegmentedControl.tsx:0
[ 6793456ms] [ERROR] Failed to load resource: net::ERR_NETWORK_IO_SUSPENDED @ http://localhost:5173/src/utils/cycleStatus.ts:0
[ 6793459ms] [ERROR] Failed to load resource: net::ERR_NETWORK_IO_SUSPENDED @ http://localhost:5173/src/utils/cellStatus.ts:0
[ 6793459ms] [ERROR] Failed to load resource: net::ERR_NETWORK_IO_SUSPENDED @ http://localhost:5173/src/utils/cellUseQc.ts:0
[ 6793459ms] [ERROR] Failed to load resource: net::ERR_NETWORK_IO_SUSPENDED @ http://localhost:5173/src/utils/useStatusTone.ts:0
[ 6793459ms] [ERROR] Failed to load resource: net::ERR_NETWORK_IO_SUSPENDED @ http://localhost:5173/src/api/instruments.ts:0
[ 6793460ms] [ERROR] Failed to load resource: net::ERR_NETWORK_IO_SUSPENDED @ http://localhost:5173/src/pages/HistorySamplesPage.module.css:0
[ 6793460ms] [ERROR] Failed to load resource: net::ERR_NETWORK_IO_SUSPENDED @ http://localhost:5173/src/api/cycles.ts:0
[ 6793460ms] [ERROR] Failed to load resource: net::ERR_NETWORK_IO_SUSPENDED @ http://localhost:5173/src/components/scheduler/gridKeys.ts:0
[ 6793460ms] [ERROR] Failed to load resource: net::ERR_NETWORK_IO_SUSPENDED @ http://localhost:5173/src/pages/RunDetailPage.module.css:0
[ 6793460ms] [ERROR] Failed to load resource: net::ERR_NETWORK_IO_SUSPENDED @ http://localhost:5173/src/api/schedulerGrid.ts:0
[ 6793461ms] [ERROR] Failed to load resource: net::ERR_NETWORK_IO_SUSPENDED @ http://localhost:5173/src/pages/SchedulePage/SchedulePage.module.css:0
[ 6793461ms] [ERROR] Failed to load resource: net::ERR_NETWORK_IO_SUSPENDED @ http://localhost:5173/src/components/ui/Button.tsx:0
[ 6793461ms] [ERROR] Failed to load resource: net::ERR_NETWORK_IO_SUSPENDED @ http://localhost:5173/src/api/cells.ts:0
